<?xml version="1.0" encoding="UTF-8"?>
<!-- Generated by org.testng.reporters.JUnitXMLReporter -->
<testsuite ignored="60" hostname="AP-17L92T3" failures="0" tests="1" name="Default test-0" time="2.953" errors="0" timestamp="2024-06-12T13:41:41 IST">
  <testcase classname="dotcom.adobe.tests.BaseTest" name="@BeforeClass launchbrowser" time="2.469">
    <failure type="org.openqa.selenium.SessionNotCreatedException" message="Could not start a new session. Possible causes are invalid address of the remote server or browser start-up failure. 
Host info: host: &amp;apos;AP-17L92T3&amp;apos;, ip: &amp;apos;192.168.1.2&amp;apos;">
      <![CDATA[org.openqa.selenium.SessionNotCreatedException: Could not start a new session. Possible causes are invalid address of the remote server or browser start-up failure. 
Host info: host: 'AP-17L92T3', ip: '192.168.1.2'
at org.openqa.selenium.remote.RemoteWebDriver.execute(RemoteWebDriver.java:536)
at org.openqa.selenium.remote.RemoteWebDriver.startSession(RemoteWebDriver.java:232)
at org.openqa.selenium.remote.RemoteWebDriver.<init>(RemoteWebDriver.java:159)
at org.openqa.selenium.remote.RemoteWebDriver.<init>(RemoteWebDriver.java:139)
at dotcom.adobe.tests.BaseTest.launchBrowser(BaseTest.java:189)
at dotcom.adobe.tests.BaseTest.launchbrowser(BaseTest.java:74)
at java.base/jdk.internal.reflect.DirectMethodHandleAccessor.invoke(DirectMethodHandleAccessor.java:104)
at java.base/java.lang.reflect.Method.invoke(Method.java:578)
at org.testng.internal.MethodInvocationHelper.invokeMethod(MethodInvocationHelper.java:133)
at org.testng.internal.MethodInvocationHelper.invokeMethodConsideringTimeout(MethodInvocationHelper.java:62)
at org.testng.internal.ConfigInvoker.invokeConfigurationMethod(ConfigInvoker.java:385)
at org.testng.internal.ConfigInvoker.invokeConfigurations(ConfigInvoker.java:321)
at org.testng.internal.TestMethodWorker.invokeBeforeClassMethods(TestMethodWorker.java:176)
at org.testng.internal.TestMethodWorker.run(TestMethodWorker.java:122)
at java.base/java.util.ArrayList.forEach(ArrayList.java:1511)
at org.testng.TestRunner.privateRun(TestRunner.java:794)
at org.testng.TestRunner.run(TestRunner.java:596)
at org.testng.SuiteRunner.runTest(SuiteRunner.java:377)
at org.testng.SuiteRunner.access$000(SuiteRunner.java:28)
at org.testng.SuiteRunner$SuiteWorker.run(SuiteRunner.java:418)
at org.testng.internal.thread.ThreadUtil.lambda$execute$0(ThreadUtil.java:64)
at java.base/java.util.concurrent.FutureTask.run(FutureTask.java:317)
at java.base/java.util.concurrent.ThreadPoolExecutor.runWorker(ThreadPoolExecutor.java:1144)
at java.base/java.util.concurrent.ThreadPoolExecutor$Worker.run(ThreadPoolExecutor.java:642)
at java.base/java.lang.Thread.run(Thread.java:1589)
Caused by: org.openqa.selenium.WebDriverException: The property '#/firstMatch/0/bstack:options' contains additional properties ["forcelocal"] outside of the schema when none are allowed in the payload.
Build info: version: '4.11.0', revision: '040bc5406b'
System info: os.name: 'Windows 11', os.arch: 'amd64', os.version: '10.0', java.version: '19.0.1'
Driver info: driver.version: RemoteWebDriver
remote stacktrace: 
at java.base/jdk.internal.reflect.DirectConstructorHandleAccessor.newInstance(DirectConstructorHandleAccessor.java:67)
at java.base/java.lang.reflect.Constructor.newInstanceWithCaller(Constructor.java:500)
at java.base/java.lang.reflect.Constructor.newInstance(Constructor.java:484)
at org.openqa.selenium.remote.W3CHandshakeResponse.lambda$errorHandler$0(W3CHandshakeResponse.java:59)
at org.openqa.selenium.remote.HandshakeResponse.lambda$getResponseFunction$0(HandshakeResponse.java:31)
at org.openqa.selenium.remote.ProtocolHandshake.lambda$createSession$1(ProtocolHandshake.java:146)
at java.base/java.util.stream.ReferencePipeline$3$1.accept(ReferencePipeline.java:197)
at java.base/java.util.stream.Streams$StreamBuilderImpl.tryAdvance(Streams.java:397)
at java.base/java.util.stream.ReferencePipeline.forEachWithCancel(ReferencePipeline.java:129)
at java.base/java.util.stream.AbstractPipeline.copyIntoWithCancel(AbstractPipeline.java:527)
at java.base/java.util.stream.AbstractPipeline.copyInto(AbstractPipeline.java:513)
at java.base/java.util.stream.AbstractPipeline.wrapAndCopyInto(AbstractPipeline.java:499)
at java.base/java.util.stream.FindOps$FindOp.evaluateSequential(FindOps.java:150)
at java.base/java.util.stream.AbstractPipeline.evaluate(AbstractPipeline.java:234)
at java.base/java.util.stream.ReferencePipeline.findFirst(ReferencePipeline.java:647)
at org.openqa.selenium.remote.ProtocolHandshake.createSession(ProtocolHandshake.java:148)
at org.openqa.selenium.remote.ProtocolHandshake.createSession(ProtocolHandshake.java:96)
at org.openqa.selenium.remote.ProtocolHandshake.createSession(ProtocolHandshake.java:68)
at org.openqa.selenium.remote.HttpCommandExecutor.execute(HttpCommandExecutor.java:163)
at org.openqa.selenium.remote.TracedCommandExecutor.execute(TracedCommandExecutor.java:51)
at org.openqa.selenium.remote.RemoteWebDriver.execute(RemoteWebDriver.java:518)
... 24 more
]]>
    </failure>
  </testcase> <!-- @BeforeClass launchbrowser -->
  <testcase classname="dotcom.adobe.tests.BaseTest" name="@AfterClass closebrowser" time="0.001">
    <failure type="java.lang.NullPointerException" message="Cannot invoke &amp;quot;org.openqa.selenium.WebDriver.quit()&amp;quot; because &amp;quot;dotcom.adobe.util.GenericMethods.driver&amp;quot; is null">
      <![CDATA[java.lang.NullPointerException: Cannot invoke "org.openqa.selenium.WebDriver.quit()" because "dotcom.adobe.util.GenericMethods.driver" is null
at dotcom.adobe.util.GenericMethods.browserClose(GenericMethods.java:95)
at dotcom.adobe.tests.BaseTest.closebrowser(BaseTest.java:109)
at java.base/jdk.internal.reflect.DirectMethodHandleAccessor.invoke(DirectMethodHandleAccessor.java:104)
at java.base/java.lang.reflect.Method.invoke(Method.java:578)
at org.testng.internal.MethodInvocationHelper.invokeMethod(MethodInvocationHelper.java:133)
at org.testng.internal.MethodInvocationHelper.invokeMethodConsideringTimeout(MethodInvocationHelper.java:62)
at org.testng.internal.ConfigInvoker.invokeConfigurationMethod(ConfigInvoker.java:385)
at org.testng.internal.ConfigInvoker.invokeConfigurations(ConfigInvoker.java:321)
at org.testng.internal.TestMethodWorker.invokeAfterClassMethods(TestMethodWorker.java:217)
at org.testng.internal.TestMethodWorker.run(TestMethodWorker.java:130)
at java.base/java.util.ArrayList.forEach(ArrayList.java:1511)
at org.testng.TestRunner.privateRun(TestRunner.java:794)
at org.testng.TestRunner.run(TestRunner.java:596)
at org.testng.SuiteRunner.runTest(SuiteRunner.java:377)
at org.testng.SuiteRunner.access$000(SuiteRunner.java:28)
at org.testng.SuiteRunner$SuiteWorker.run(SuiteRunner.java:418)
at org.testng.internal.thread.ThreadUtil.lambda$execute$0(ThreadUtil.java:64)
at java.base/java.util.concurrent.FutureTask.run(FutureTask.java:317)
at java.base/java.util.concurrent.ThreadPoolExecutor.runWorker(ThreadPoolExecutor.java:1144)
at java.base/java.util.concurrent.ThreadPoolExecutor$Worker.run(ThreadPoolExecutor.java:642)
at java.base/java.lang.Thread.run(Thread.java:1589)
]]>
    </failure>
  </testcase> <!-- @AfterClass closebrowser -->
  <testcase classname="dotcom.adobe.tests.CreativeCloudTests" name="ccPricingSuiteRegularPlusforPromoPriceCheck_CCWave3" time="0.0">
    <skipped/>
  </testcase> <!-- ccPricingSuiteRegularPlusforPromoPriceCheck_CCWave3 -->
  <testcase classname="dotcom.adobe.tests.CreativeCloudTests" name="verifyModify3DAssetsInProductsNav" time="0.0">
    <ignored/>
  </testcase> <!-- verifyModify3DAssetsInProductsNav -->
  <testcase classname="dotcom.adobe.tests.CreativeCloudTests" name="CC_verifyBlackFridayPromoInTwoSegmentBlades" time="0.0">
    <ignored/>
  </testcase> <!-- CC_verifyBlackFridayPromoInTwoSegmentBlades -->
  <testcase classname="dotcom.adobe.tests.CreativeCloudTests" name="CC_verifyNonEnFreeTrialHref" time="0.0">
    <ignored/>
  </testcase> <!-- CC_verifyNonEnFreeTrialHref -->
  <testcase classname="dotcom.adobe.tests.CreativeCloudTests" name="verifyMarqueeStickyBarCtaLinksInSubstancePages" time="0.0">
    <ignored/>
  </testcase> <!-- verifyMarqueeStickyBarCtaLinksInSubstancePages -->
  <testcase classname="dotcom.adobe.tests.CreativeCloudTests" name="CC_verifyAdobeExpressFooterLogo" time="0.0">
    <ignored/>
  </testcase> <!-- CC_verifyAdobeExpressFooterLogo -->
  <testcase classname="dotcom.adobe.tests.CreativeCloudTests" name="CC_verifyBlackFridayPromoInPods" time="0.0">
    <ignored/>
  </testcase> <!-- CC_verifyBlackFridayPromoInPods -->
  <testcase classname="dotcom.adobe.tests.CreativeCloudTests" name="testBTWCCTPromo" time="0.0">
    <ignored/>
  </testcase> <!-- testBTWCCTPromo -->
  <testcase classname="dotcom.adobe.tests.CreativeCloudTests" name="CC_verifyBlackFridayPromoInThreeSegmentBlades" time="0.0">
    <ignored/>
  </testcase> <!-- CC_verifyBlackFridayPromoInThreeSegmentBlades -->
  <testcase classname="dotcom.adobe.tests.CreativeCloudTests" name="ccPricingSuiteBuyStudents" time="0.0">
    <ignored/>
  </testcase> <!-- ccPricingSuiteBuyStudents -->
  <testcase classname="dotcom.adobe.tests.CreativeCloudTests" name="ccValidatePromoPagePresence" time="0.0">
    <ignored/>
  </testcase> <!-- ccValidatePromoPagePresence -->
  <testcase classname="dotcom.adobe.tests.CreativeCloudTests" name="verifyFireflyFreePodPrice" time="0.0">
    <ignored/>
  </testcase> <!-- verifyFireflyFreePodPrice -->
  <testcase classname="dotcom.adobe.tests.CreativeCloudTests" name="testVerifyingVATLabelOnCCPages" time="0.0">
    <ignored/>
  </testcase> <!-- testVerifyingVATLabelOnCCPages -->
  <testcase classname="dotcom.adobe.tests.CreativeCloudTests" name="verifyUpdateAppPhotoshopCtaLinksInGenFillAI" time="0.0">
    <ignored/>
  </testcase> <!-- verifyUpdateAppPhotoshopCtaLinksInGenFillAI -->
  <testcase classname="dotcom.adobe.tests.CreativeCloudTests" name="CC_verifyEnFreeTrialHrefInMultiTabs" time="0.0">
    <ignored/>
  </testcase> <!-- CC_verifyEnFreeTrialHrefInMultiTabs -->
  <testcase classname="dotcom.adobe.tests.CreativeCloudTests" name="testEMEASTEPromo" time="0.0">
    <ignored/>
  </testcase> <!-- testEMEASTEPromo -->
  <testcase classname="dotcom.adobe.tests.CreativeCloudTests" name="CC_CME1_Validation" time="0.0">
    <ignored/>
  </testcase> <!-- CC_CME1_Validation -->
  <testcase classname="dotcom.adobe.tests.CreativeCloudTests" name="testFreeLinkLocNav" time="0.0">
    <ignored/>
  </testcase> <!-- testFreeLinkLocNav -->
  <testcase classname="dotcom.adobe.tests.CreativeCloudTests" name="testCCHomepage" time="0.0">
    <ignored/>
  </testcase> <!-- testCCHomepage -->
  <testcase classname="dotcom.adobe.tests.CreativeCloudTests" name="CC_verifyBlankPriceOnPage" time="0.0">
    <ignored/>
  </testcase> <!-- CC_verifyBlankPriceOnPage -->
  <testcase classname="dotcom.adobe.tests.CreativeCloudTests" name="CC_validatePricingPodsOnPage" time="0.0">
    <ignored/>
  </testcase> <!-- CC_validatePricingPodsOnPage -->
  <testcase classname="dotcom.adobe.tests.CreativeCloudTests" name="verifyMaxUpdateInNav" time="0.0">
    <ignored/>
  </testcase> <!-- verifyMaxUpdateInNav -->
  <testcase classname="dotcom.adobe.tests.CreativeCloudTests" name="CC_verifyAdobeExpressContentLogo" time="0.0">
    <ignored/>
  </testcase> <!-- CC_verifyAdobeExpressContentLogo -->
  <testcase classname="dotcom.adobe.tests.CreativeCloudTests" name="CC_verifyNonEnFreeTrialHrefInMultiTabs" time="0.0">
    <ignored/>
  </testcase> <!-- CC_verifyNonEnFreeTrialHrefInMultiTabs -->
  <testcase classname="dotcom.adobe.tests.CreativeCloudTests" name="CC_verifyBlackFridayPromoInTable" time="0.0">
    <ignored/>
  </testcase> <!-- CC_verifyBlackFridayPromoInTable -->
  <testcase classname="dotcom.adobe.tests.CreativeCloudTests" name="ccPricingSuiteBlackFridayPromoCheck" time="0.0">
    <ignored/>
  </testcase> <!-- ccPricingSuiteBlackFridayPromoCheck -->
  <testcase classname="dotcom.adobe.tests.CreativeCloudTests" name="ccPricingSuiteRegularPlusPromoPriceCheck_CCWave2" time="0.0">
    <ignored/>
  </testcase> <!-- ccPricingSuiteRegularPlusPromoPriceCheck_CCWave2 -->
  <testcase classname="dotcom.adobe.tests.CreativeCloudTests" name="ccPricingSuiteRegularPlusPromoPriceCheck" time="0.0">
    <ignored/>
  </testcase> <!-- ccPricingSuiteRegularPlusPromoPriceCheck -->
  <testcase classname="dotcom.adobe.tests.CreativeCloudTests" name="testUARBannerOnCCPages" time="0.0">
    <ignored/>
  </testcase> <!-- testUARBannerOnCCPages -->
  <testcase classname="dotcom.adobe.tests.CreativeCloudTests" name="CC_verify_Modal_BlackFriday" time="0.0">
    <ignored/>
  </testcase> <!-- CC_verify_Modal_BlackFriday -->
  <testcase classname="dotcom.adobe.tests.CreativeCloudTests" name="CC_verifyAllTWPModalAfterClickFreeTrialCTAInProductPage" time="0.0">
    <ignored/>
  </testcase> <!-- CC_verifyAllTWPModalAfterClickFreeTrialCTAInProductPage -->
  <testcase classname="dotcom.adobe.tests.CreativeCloudTests" name="ccPricingSuiteRegularPlusPromoPriceCheck_TempScript" time="0.0">
    <ignored/>
  </testcase> <!-- ccPricingSuiteRegularPlusPromoPriceCheck_TempScript -->
  <testcase classname="dotcom.adobe.tests.CreativeCloudTests" name="CC_verify_Banner_BlackFriday" time="0.0">
    <ignored/>
  </testcase> <!-- CC_verify_Banner_BlackFriday -->
  <testcase classname="dotcom.adobe.tests.CreativeCloudTests" name="CC_verifyChartSections" time="0.0">
    <ignored/>
  </testcase> <!-- CC_verifyChartSections -->
  <testcase classname="dotcom.adobe.tests.CreativeCloudTests" name="ccPricingSuiteRegularPlusPromoPriceCheckWithVatLabelComparison" time="0.0">
    <ignored/>
  </testcase> <!-- ccPricingSuiteRegularPlusPromoPriceCheckWithVatLabelComparison -->
  <testcase classname="dotcom.adobe.tests.CreativeCloudTests" name="CC_verifyPriceOnPageWithCart_skuIDComparison" time="0.0">
    <ignored/>
  </testcase> <!-- CC_verifyPriceOnPageWithCart_skuIDComparison -->
  <testcase classname="dotcom.adobe.tests.CreativeCloudTests" name="CC_validatePriceOfProductInPlanPage" time="0.0">
    <ignored/>
  </testcase> <!-- CC_validatePriceOfProductInPlanPage -->
  <testcase classname="dotcom.adobe.tests.CreativeCloudTests" name="CC_verifyEnFreeTrialHref" time="0.0">
    <ignored/>
  </testcase> <!-- CC_verifyEnFreeTrialHref -->
  <testcase classname="dotcom.adobe.tests.CreativeCloudTests" name="cc_verifyMarqueeBackgroundImage" time="0.0">
    <ignored/>
  </testcase> <!-- cc_verifyMarqueeBackgroundImage -->
  <testcase classname="dotcom.adobe.tests.CreativeCloudTests" name="CC_verify_OfferPage_BlackFriday" time="0.0">
    <ignored/>
  </testcase> <!-- CC_verify_OfferPage_BlackFriday -->
  <testcase classname="dotcom.adobe.tests.CreativeCloudTests" name="CC_verifyBFPromoInMarqueeWithPrices" time="0.0">
    <ignored/>
  </testcase> <!-- CC_verifyBFPromoInMarqueeWithPrices -->
  <testcase classname="dotcom.adobe.tests.CreativeCloudTests" name="CC_verifyCommerceCTAOnPage" time="0.0">
    <ignored/>
  </testcase> <!-- CC_verifyCommerceCTAOnPage -->
  <testcase classname="dotcom.adobe.tests.CreativeCloudTests" name="testCommerceLinksCTAs" time="0.0">
    <ignored/>
  </testcase> <!-- testCommerceLinksCTAs -->
  <testcase classname="dotcom.adobe.tests.CreativeCloudTests" name="CC_verifyPriceOnPageWithCart" time="0.0">
    <ignored/>
  </testcase> <!-- CC_verifyPriceOnPageWithCart -->
  <testcase classname="dotcom.adobe.tests.CreativeCloudTests" name="CC_verifyPricingFormat" time="0.0">
    <ignored/>
  </testcase> <!-- CC_verifyPricingFormat -->
  <testcase classname="dotcom.adobe.tests.CreativeCloudTests" name="verifyCCGnavFreeTrialSubstance3dCardLink" time="0.0">
    <ignored/>
  </testcase> <!-- verifyCCGnavFreeTrialSubstance3dCardLink -->
  <testcase classname="dotcom.adobe.tests.CreativeCloudTests" name="ccPricingSuiteVatLabelCheck" time="0.0">
    <ignored/>
  </testcase> <!-- ccPricingSuiteVatLabelCheck -->
  <testcase classname="dotcom.adobe.tests.CreativeCloudTests" name="verifyCtaLinksInPhotoshopOnline" time="0.0">
    <ignored/>
  </testcase> <!-- verifyCtaLinksInPhotoshopOnline -->
  <testcase classname="dotcom.adobe.tests.CreativeCloudTests" name="testEMEACCIQ1Promo" time="0.0">
    <ignored/>
  </testcase> <!-- testEMEACCIQ1Promo -->
  <testcase classname="dotcom.adobe.tests.CreativeCloudTests" name="testVerifyingCardMovement" time="0.0">
    <ignored/>
  </testcase> <!-- testVerifyingCardMovement -->
  <testcase classname="dotcom.adobe.tests.CreativeCloudTests" name="CC_verifyBFPromoInMarqueeWithoutPrices" time="0.0">
    <ignored/>
  </testcase> <!-- CC_verifyBFPromoInMarqueeWithoutPrices -->
  <testcase classname="dotcom.adobe.tests.CreativeCloudTests" name="CC_verifyStaticPriceOnPage" time="0.0">
    <ignored/>
  </testcase> <!-- CC_verifyStaticPriceOnPage -->
  <testcase classname="dotcom.adobe.tests.CreativeCloudTests" name="ccPricingSuite" time="0.0">
    <ignored/>
  </testcase> <!-- ccPricingSuite -->
  <testcase classname="dotcom.adobe.tests.CreativeCloudTests" name="CC_cme1_CommerceLinkValidation" time="0.0">
    <ignored/>
  </testcase> <!-- CC_cme1_CommerceLinkValidation -->
  <testcase classname="dotcom.adobe.tests.CreativeCloudTests" name="CC_verifyBlackFridayPromoInOneSegmentBlade" time="0.0">
    <ignored/>
  </testcase> <!-- CC_verifyBlackFridayPromoInOneSegmentBlade -->
  <testcase classname="dotcom.adobe.tests.CreativeCloudTests" name="ccPricingSuite_PromoPercentDateCheck" time="0.0">
    <ignored/>
  </testcase> <!-- ccPricingSuite_PromoPercentDateCheck -->
  <testcase classname="dotcom.adobe.tests.CreativeCloudTests" name="cc_Express_PricingSuiteRegularPlusPromoPriceCheck" time="0.0">
    <ignored/>
  </testcase> <!-- cc_Express_PricingSuiteRegularPlusPromoPriceCheck -->
  <testcase classname="dotcom.adobe.tests.CreativeCloudTests" name="testEcoSystemBannerPresence" time="0.0">
    <ignored/>
  </testcase> <!-- testEcoSystemBannerPresence -->
  <testcase classname="dotcom.adobe.tests.CreativeCloudTests" name="testEMEACCTPromo" time="0.0">
    <ignored/>
  </testcase> <!-- testEMEACCTPromo -->
  <testcase classname="dotcom.adobe.tests.CreativeCloudTests" name="cc_milo_pricing" time="0.0">
    <ignored/>
  </testcase> <!-- cc_milo_pricing -->
  <testcase classname="dotcom.adobe.tests.CreativeCloudTests" name="testMarqueeCTAs" time="0.0">
    <ignored/>
  </testcase> <!-- testMarqueeCTAs -->
</testsuite> <!-- Default test-0 -->
